<?xml version="1.0" encoding="UTF-8"?>
<testsuite name="com.csc.TestTicTacToe" tests="54" skipped="0" failures="0" errors="0" timestamp="2024-11-03T20:08:28" hostname="fedora" time="0.904">
  <properties/>
  <testcase name="testX2Claimed()" classname="com.csc.TestTicTacToe" time="0.267"/>
  <testcase name="testO5Claimed()" classname="com.csc.TestTicTacToe" time="0.004"/>
  <testcase name="testX7Claimed()" classname="com.csc.TestTicTacToe" time="0.054"/>
  <testcase name="testO3Claimed()" classname="com.csc.TestTicTacToe" time="0.005"/>
  <testcase name="testDraw()" classname="com.csc.TestTicTacToe" time="0.006"/>
  <testcase name="testX5Claimed()" classname="com.csc.TestTicTacToe" time="0.005"/>
  <testcase name="testO8Claimed()" classname="com.csc.TestTicTacToe" time="0.005"/>
  <testcase name="testO1Claimed()" classname="com.csc.TestTicTacToe" time="0.006"/>
  <testcase name="testX3Claimed()" classname="com.csc.TestTicTacToe" time="0.006"/>
  <testcase name="testO6Claimed()" classname="com.csc.TestTicTacToe" time="0.006"/>
  <testcase name="testX8Claimed()" classname="com.csc.TestTicTacToe" time="0.006"/>
  <testcase name="testContinue()" classname="com.csc.TestTicTacToe" time="0.003"/>
  <testcase name="testX1Claimed()" classname="com.csc.TestTicTacToe" time="0.004"/>
  <testcase name="testO4Claimed()" classname="com.csc.TestTicTacToe" time="0.004"/>
  <testcase name="testX6Claimed()" classname="com.csc.TestTicTacToe" time="0.012"/>
  <testcase name="testO9Claimed()" classname="com.csc.TestTicTacToe" time="0.01"/>
  <testcase name="testO2Claimed()" classname="com.csc.TestTicTacToe" time="0.005"/>
  <testcase name="testClaimO1Tile()" classname="com.csc.TestTicTacToe" time="0.005"/>
  <testcase name="testClaimO2Tile()" classname="com.csc.TestTicTacToe" time="0.004"/>
  <testcase name="testClaimO3Tile()" classname="com.csc.TestTicTacToe" time="0.005"/>
  <testcase name="testClaimO4Tile()" classname="com.csc.TestTicTacToe" time="0.005"/>
  <testcase name="testClaimO5Tile()" classname="com.csc.TestTicTacToe" time="0.004"/>
  <testcase name="testClaimO6Tile()" classname="com.csc.TestTicTacToe" time="0.004"/>
  <testcase name="testClaimO7Tile()" classname="com.csc.TestTicTacToe" time="0.003"/>
  <testcase name="testClaimO8Tile()" classname="com.csc.TestTicTacToe" time="0.003"/>
  <testcase name="testClaimO9Tile()" classname="com.csc.TestTicTacToe" time="0.005"/>
  <testcase name="testX4Claimed()" classname="com.csc.TestTicTacToe" time="0.005"/>
  <testcase name="testO7Claimed()" classname="com.csc.TestTicTacToe" time="0.006"/>
  <testcase name="testVictoryO1()" classname="com.csc.TestTicTacToe" time="0.005"/>
  <testcase name="testVictoryO2()" classname="com.csc.TestTicTacToe" time="0.002"/>
  <testcase name="testVictoryO3()" classname="com.csc.TestTicTacToe" time="0.005"/>
  <testcase name="testVictoryO4()" classname="com.csc.TestTicTacToe" time="0.005"/>
  <testcase name="testVictoryO5()" classname="com.csc.TestTicTacToe" time="0.005"/>
  <testcase name="testVictoryO6()" classname="com.csc.TestTicTacToe" time="0.004"/>
  <testcase name="testVictoryO7()" classname="com.csc.TestTicTacToe" time="0.004"/>
  <testcase name="testVictoryO8()" classname="com.csc.TestTicTacToe" time="0.005"/>
  <testcase name="testVictoryX1()" classname="com.csc.TestTicTacToe" time="0.005"/>
  <testcase name="testVictoryX2()" classname="com.csc.TestTicTacToe" time="0.005"/>
  <testcase name="testVictoryX3()" classname="com.csc.TestTicTacToe" time="0.004"/>
  <testcase name="testVictoryX4()" classname="com.csc.TestTicTacToe" time="0.004"/>
  <testcase name="testVictoryX5()" classname="com.csc.TestTicTacToe" time="0.004"/>
  <testcase name="testVictoryX6()" classname="com.csc.TestTicTacToe" time="0.005"/>
  <testcase name="testVictoryX7()" classname="com.csc.TestTicTacToe" time="0.005"/>
  <testcase name="testVictoryX8()" classname="com.csc.TestTicTacToe" time="0.004"/>
  <testcase name="testX9Claimed()" classname="com.csc.TestTicTacToe" time="0.004"/>
  <testcase name="testClaimX1Tile()" classname="com.csc.TestTicTacToe" time="0.004"/>
  <testcase name="testClaimX2Tile()" classname="com.csc.TestTicTacToe" time="0.004"/>
  <testcase name="testClaimX3Tile()" classname="com.csc.TestTicTacToe" time="0.004"/>
  <testcase name="testClaimX4Tile()" classname="com.csc.TestTicTacToe" time="0.004"/>
  <testcase name="testClaimX5Tile()" classname="com.csc.TestTicTacToe" time="0.004"/>
  <testcase name="testClaimX6Tile()" classname="com.csc.TestTicTacToe" time="0.004"/>
  <testcase name="testClaimX7Tile()" classname="com.csc.TestTicTacToe" time="0.004"/>
  <testcase name="testClaimX8Tile()" classname="com.csc.TestTicTacToe" time="0.007"/>
  <testcase name="testClaimX9Tile()" classname="com.csc.TestTicTacToe" time="0.004"/>
  <system-out><![CDATA[]]></system-out>
  <system-err><![CDATA[]]></system-err>
</testsuite>
